<?xml version="1.0" encoding="UTF-8"?>
<testng-results skipped="0" failed="0" total="1" passed="1">
  <reporter-output>
  </reporter-output>
  <suite name="TestingSuite" duration-ms="14419" started-at="2019-05-02T18:02:06Z" finished-at="2019-05-02T18:02:21Z">
    <groups>
    </groups>
    <test name="AddingContact" duration-ms="14419" started-at="2019-05-02T18:02:06Z" finished-at="2019-05-02T18:02:21Z">
      <class name="test.AddContactTest">
        <test-method status="PASS" signature="AddingContact(java.lang.String, java.lang.String, java.lang.String, java.lang.String, java.lang.String, java.lang.String, java.lang.String, java.lang.String, java.lang.String, java.lang.String)[pri:0, instance:test.AddContactTest@68c4039c]" name="AddingContact" duration-ms="14390" started-at="2019-05-02T13:02:06Z" finished-at="2019-05-02T13:02:21Z">
          <params>
            <param index="0">
              <value>
                <![CDATA[techfiosdemo@gmail.com]]>
              </value>
            </param>
            <param index="1">
              <value>
                <![CDATA[abc123]]>
              </value>
            </param>
            <param index="2">
              <value>
                <![CDATA[Dipesh Bhattarai]]>
              </value>
            </param>
            <param index="3">
              <value>
                <![CDATA[ABC]]>
              </value>
            </param>
            <param index="4">
              <value>
                <![CDATA[messi@gmail.com]]>
              </value>
            </param>
            <param index="5">
              <value>
                <![CDATA[787585678]]>
              </value>
            </param>
            <param index="6">
              <value>
                <![CDATA[9126 conser st ]]>
              </value>
            </param>
            <param index="7">
              <value>
                <![CDATA[Lees Summit]]>
              </value>
            </param>
            <param index="8">
              <value>
                <![CDATA[Kansas]]>
              </value>
            </param>
            <param index="9">
              <value>
                <![CDATA[66212]]>
              </value>
            </param>
          </params>
          <reporter-output>
          </reporter-output>
        </test-method> <!-- AddingContact -->
      </class> <!-- test.AddContactTest -->
    </test> <!-- AddingContact -->
  </suite> <!-- TestingSuite -->
</testng-results>
